<?xml version="1.0" encoding="UTF-8"?>
<!-- Generated by org.testng.reporters.JUnitReportReporter -->
<testsuite name="rozetkaTest.Tests" tests="1" time="0.033" ignored="0" failures="0" timestamp="26 мар 2018 05:47:21 GMT" skipped="0" hostname="VLAD-ПК" errors="0">
  <testcase name="loginTest" time="0.033" classname="rozetkaTest.Tests"/>
</testsuite> <!-- rozetkaTest.Tests -->
