<?xml version="1.0" encoding="UTF-8"?>
<!-- Generated by org.testng.reporters.JUnitReportReporter -->
<testsuite name="rozetkaTest.RegressionTests" tests="3" time="12.164" ignored="0" failures="0" timestamp="24 мар 2018 15:29:02 GMT" skipped="0" hostname="VLAD-ПК" errors="0">
  <testcase name="openPageTest" time="11.360" classname="rozetkaTest.RegressionTests"/>
  <testcase name="googleTest" time="0.804" classname="rozetkaTest.RegressionTests"/>
  <testcase name="yandexTest" time="0.000" classname="rozetkaTest.RegressionTests"/>
</testsuite> <!-- rozetkaTest.RegressionTests -->
