<?xml version="1.0" encoding="UTF-8"?>
<!-- Generated by org.testng.reporters.JUnitReportReporter -->
<testsuite name="rozetkaTest.TestNG_Grouping" tests="4" time="0.001" ignored="0" failures="0" timestamp="26 мар 2018 05:47:21 GMT" skipped="0" hostname="VLAD-ПК" errors="0">
  <testcase name="AudiA6" time="0.000" classname="rozetkaTest.TestNG_Grouping"/>
  <testcase name="BMWX3" time="0.000" classname="rozetkaTest.TestNG_Grouping"/>
  <testcase name="BMW3Series" time="0.001" classname="rozetkaTest.TestNG_Grouping"/>
  <testcase name="HondaAccord" time="0.000" classname="rozetkaTest.TestNG_Grouping"/>
</testsuite> <!-- rozetkaTest.TestNG_Grouping -->
